#1 [internal] load build definition from Dockerfile
#1 sha256:d5ee6675d2a12363c3d696261770719b6c829373a05176451975b24cd38c23ef
#1 transferring dockerfile: 438B 0.0s done
#1 DONE 0.0s

#2 [internal] load .dockerignore
#2 sha256:ee60b631d4405b7c12906fe82b9ca0f7930089f3d4d7f7751612a51d31c733a9
#2 transferring context: 2B done
#2 DONE 0.0s

#3 [internal] load metadata for docker.io/library/node:14-alpine3.11
#3 sha256:4d527c133dff3244fa00d3861011a602d7f91b4caf11562c951f20fc933691d0
#3 DONE 0.5s

#4 [ 1/10] FROM docker.io/library/node:14-alpine3.11@sha256:dc92f36e7cd917816fa2df041d4e9081453366381a00f40398d99e9392e78664
#4 sha256:efa59090245475d0c483427a3db1f7975619887dc6520a540c33c3a8a11314dc
#4 CACHED

#7 [internal] load build context
#7 sha256:a97b06115f5d47d5fdf208a473cc834503ddf29f04e05a6c2b345d39c1c90aff
#7 transferring context: 996B 0.0s done
#7 DONE 0.0s

#5 [ 2/10] RUN node --version
#5 sha256:45004e700f4cfcc23619b608aaf4484f1d49a8520fbfa36a6937cce935e82dc7
#5 0.358 v14.18.1
#5 DONE 0.4s

#6 [ 3/10] RUN mkdir /app && cd /app
#6 sha256:415595baf604f0226bf5b1f7592ee31ce053e160d3c24dbecb693d9f289665d9
#6 DONE 0.4s

#8 [ 4/10] COPY ./app.js /app
#8 sha256:8feeabd2690f91ca421f867ab5f14d9da2fe0f86c51b88e8b47199ddb7effcbb
#8 DONE 0.0s

#9 [ 5/10] COPY ./package.json /app
#9 sha256:cc3819713bedfd81f449016eb1bd5d9bfe066c548f7a47590a64a9c78c1f3390
#9 DONE 0.0s

#10 [ 6/10] COPY ./chain.json /app
#10 sha256:231af7b4dc6bc3fe93cb0cc23ea19fe81d1205a83d8b6ab908bddc38af70be55
#10 DONE 0.0s

#11 [ 7/10] COPY ./test.sh /app
#11 sha256:29c376c7b1b1b972ede0d1d37ece31d32bd1d76e417b56307c7e594580c25889
#11 DONE 0.0s

#12 [ 8/10] RUN cd /app && npm install --force && ls -la
#12 sha256:690c5a712b5048c1e969ad47960cb7aaf1cff973fb1e202a0b9f5dd8bc310726
#12 0.381 npm WARN using --force I sure hope you know what you are doing.
#12 1.518 npm WARN deprecated nvm@0.0.4: This is NOT the correct nvm. Visit https://nvm.sh and use the curl command to install it.
#12 8.306 npm WARN deprecated ipfs-core-utils@0.18.1: js-IPFS has been deprecated in favour of Helia - please see https://github.com/ipfs/js-ipfs/issues/4336 for details
#12 10.62 npm WARN deprecated ipfs-core-types@0.14.1: js-IPFS has been deprecated in favour of Helia - please see https://github.com/ipfs/js-ipfs/issues/4336 for details
#12 16.42 npm WARN deprecated @ensdomains/ens@0.4.5: Please use @ensdomains/ens-contracts
#12 16.70 npm WARN deprecated uuid@2.0.1: Please upgrade  to version 7 or higher.  Older versions may use Math.random() in certain circumstances, which is known to be problematic.  See https://v8.dev/blog/math-random for details.
#12 17.02 npm WARN deprecated testrpc@0.0.1: testrpc has been renamed to ganache-cli, please use this package from now on.
#12 17.26 npm WARN deprecated multicodec@0.5.7: This module has been superseded by the multiformats module
#12 17.26 npm WARN deprecated cids@0.7.5: This module has been superseded by the multiformats module
#12 17.39 npm WARN deprecated @ensdomains/resolver@0.2.4: Please use @ensdomains/ens-contracts
#12 17.74 npm WARN deprecated multibase@0.6.1: This module has been superseded by the multiformats module
#12 17.88 npm WARN deprecated multicodec@1.0.4: This module has been superseded by the multiformats module
#12 18.00 npm WARN deprecated multibase@0.7.0: This module has been superseded by the multiformats module
#12 21.07 npm WARN deprecated mkdirp-promise@5.0.1: This package is broken and no longer maintained. 'mkdirp' itself supports promises now, please switch to that.
#12 23.18 npm WARN deprecated request@2.88.2: request has been deprecated, see https://github.com/request/request/issues/3142
#12 23.98 npm WARN deprecated har-validator@5.1.5: this library is no longer supported
#12 24.08 npm WARN deprecated uuid@3.4.0: Please upgrade  to version 7 or higher.  Older versions may use Math.random() in certain circumstances, which is known to be problematic.  See https://v8.dev/blog/math-random for details.
#12 37.84 
#12 37.84 > bufferutil@4.0.7 install /app/node_modules/bufferutil
#12 37.84 > node-gyp-build
#12 37.84 
#12 38.03 gyp ERR! find Python 
#12 38.03 gyp ERR! find Python Python is not set from command line or npm configuration
#12 38.03 gyp ERR! find Python Python is not set from environment variable PYTHON
#12 38.03 gyp ERR! find Python checking if "python" can be used
#12 38.03 gyp ERR! find Python - "python" is not in PATH or produced an error
#12 38.03 gyp ERR! find Python checking if "python2" can be used
#12 38.03 gyp ERR! find Python - "python2" is not in PATH or produced an error
#12 38.03 gyp ERR! find Python checking if "python3" can be used
#12 38.03 gyp ERR! find Python - "python3" is not in PATH or produced an error
#12 38.03 gyp ERR! find Python 
#12 38.03 gyp ERR! find Python **********************************************************
#12 38.03 gyp ERR! find Python You need to install the latest version of Python.
#12 38.03 gyp ERR! find Python Node-gyp should be able to find and use Python. If not,
#12 38.03 gyp ERR! find Python you can try one of the following options:
#12 38.03 gyp ERR! find Python - Use the switch --python="/path/to/pythonexecutable"
#12 38.03 gyp ERR! find Python   (accepted by both node-gyp and npm)
#12 38.03 gyp ERR! find Python - Set the environment variable PYTHON
#12 38.03 gyp ERR! find Python - Set the npm configuration variable python:
#12 38.03 gyp ERR! find Python   npm config set python "/path/to/pythonexecutable"
#12 38.03 gyp ERR! find Python For more information consult the documentation at:
#12 38.03 gyp ERR! find Python https://github.com/nodejs/node-gyp#installation
#12 38.03 gyp ERR! find Python **********************************************************
#12 38.03 gyp ERR! find Python 
#12 38.03 gyp ERR! configure error 
#12 38.04 gyp ERR! stack Error: Could not find any Python installation to use
#12 38.04 gyp ERR! stack     at PythonFinder.fail (/usr/local/lib/node_modules/npm/node_modules/node-gyp/lib/find-python.js:307:47)
#12 38.04 gyp ERR! stack     at PythonFinder.runChecks (/usr/local/lib/node_modules/npm/node_modules/node-gyp/lib/find-python.js:136:21)
#12 38.04 gyp ERR! stack     at PythonFinder.<anonymous> (/usr/local/lib/node_modules/npm/node_modules/node-gyp/lib/find-python.js:179:16)
#12 38.04 gyp ERR! stack     at PythonFinder.execFileCallback (/usr/local/lib/node_modules/npm/node_modules/node-gyp/lib/find-python.js:271:16)
#12 38.04 gyp ERR! stack     at exithandler (child_process.js:390:5)
#12 38.04 gyp ERR! stack     at ChildProcess.errorhandler (child_process.js:402:5)
#12 38.04 gyp ERR! stack     at ChildProcess.emit (events.js:400:28)
#12 38.04 gyp ERR! stack     at Process.ChildProcess._handle.onexit (internal/child_process.js:280:12)
#12 38.04 gyp ERR! stack     at onErrorNT (internal/child_process.js:469:16)
#12 38.04 gyp ERR! stack     at processTicksAndRejections (internal/process/task_queues.js:82:21)
#12 38.04 gyp ERR! System Linux 5.10.25-linuxkit
#12 38.04 gyp ERR! command "/usr/local/bin/node" "/usr/local/lib/node_modules/npm/node_modules/node-gyp/bin/node-gyp.js" "rebuild"
#12 38.04 gyp ERR! cwd /app/node_modules/bufferutil
#12 38.04 gyp ERR! node -v v14.18.1
#12 38.04 gyp ERR! node-gyp -v v5.1.0
#12 38.04 gyp ERR! not ok 
#12 38.07 
#12 38.07 > secp256k1@4.0.3 install /app/node_modules/secp256k1
#12 38.07 > node-gyp-build || exit 0
#12 38.07 
#12 38.25 gyp ERR! find Python 
#12 38.25 gyp ERR! find Python Python is not set from command line or npm configuration
#12 38.25 gyp ERR! find Python Python is not set from environment variable PYTHON
#12 38.25 gyp ERR! find Python checking if "python" can be used
#12 38.25 gyp ERR! find Python - "python" is not in PATH or produced an error
#12 38.25 gyp ERR! find Python checking if "python2" can be used
#12 38.25 gyp ERR! find Python - "python2" is not in PATH or produced an error
#12 38.25 gyp ERR! find Python checking if "python3" can be used
#12 38.25 gyp ERR! find Python - "python3" is not in PATH or produced an error
#12 38.25 gyp ERR! find Python 
#12 38.25 gyp ERR! find Python **********************************************************
#12 38.25 gyp ERR! find Python You need to install the latest version of Python.
#12 38.25 gyp ERR! find Python Node-gyp should be able to find and use Python. If not,
#12 38.25 gyp ERR! find Python you can try one of the following options:
#12 38.25 gyp ERR! find Python - Use the switch --python="/path/to/pythonexecutable"
#12 38.25 gyp ERR! find Python   (accepted by both node-gyp and npm)
#12 38.25 gyp ERR! find Python - Set the environment variable PYTHON
#12 38.25 gyp ERR! find Python - Set the npm configuration variable python:
#12 38.25 gyp ERR! find Python   npm config set python "/path/to/pythonexecutable"
#12 38.25 gyp ERR! find Python For more information consult the documentation at:
#12 38.25 gyp ERR! find Python https://github.com/nodejs/node-gyp#installation
#12 38.25 gyp ERR! find Python **********************************************************
#12 38.25 gyp ERR! find Python 
#12 38.25 gyp ERR! configure error 
#12 38.25 gyp ERR! stack Error: Could not find any Python installation to use
#12 38.25 gyp ERR! stack     at PythonFinder.fail (/usr/local/lib/node_modules/npm/node_modules/node-gyp/lib/find-python.js:307:47)
#12 38.25 gyp ERR! stack     at PythonFinder.runChecks (/usr/local/lib/node_modules/npm/node_modules/node-gyp/lib/find-python.js:136:21)
#12 38.25 gyp ERR! stack     at PythonFinder.<anonymous> (/usr/local/lib/node_modules/npm/node_modules/node-gyp/lib/find-python.js:179:16)
#12 38.25 gyp ERR! stack     at PythonFinder.execFileCallback (/usr/local/lib/node_modules/npm/node_modules/node-gyp/lib/find-python.js:271:16)
#12 38.25 gyp ERR! stack     at exithandler (child_process.js:390:5)
#12 38.25 gyp ERR! stack     at ChildProcess.errorhandler (child_process.js:402:5)
#12 38.25 gyp ERR! stack     at ChildProcess.emit (events.js:400:28)
#12 38.25 gyp ERR! stack     at Process.ChildProcess._handle.onexit (internal/child_process.js:280:12)
#12 38.25 gyp ERR! stack     at onErrorNT (internal/child_process.js:469:16)
#12 38.25 gyp ERR! stack     at processTicksAndRejections (internal/process/task_queues.js:82:21)
#12 38.25 gyp ERR! System Linux 5.10.25-linuxkit
#12 38.25 gyp ERR! command "/usr/local/bin/node" "/usr/local/lib/node_modules/npm/node_modules/node-gyp/bin/node-gyp.js" "rebuild"
#12 38.25 gyp ERR! cwd /app/node_modules/secp256k1
#12 38.25 gyp ERR! node -v v14.18.1
#12 38.25 gyp ERR! node-gyp -v v5.1.0
#12 38.25 gyp ERR! not ok 
#12 38.29 
#12 38.29 > utf-8-validate@5.0.10 install /app/node_modules/utf-8-validate
#12 38.29 > node-gyp-build
#12 38.29 
#12 38.46 gyp ERR! find Python 
#12 38.46 gyp ERR! find Python Python is not set from command line or npm configuration
#12 38.46 gyp ERR! find Python Python is not set from environment variable PYTHON
#12 38.46 gyp ERR! find Python checking if "python" can be used
#12 38.46 gyp ERR! find Python - "python" is not in PATH or produced an error
#12 38.46 gyp ERR! find Python checking if "python2" can be used
#12 38.46 gyp ERR! find Python - "python2" is not in PATH or produced an error
#12 38.46 gyp ERR! find Python checking if "python3" can be used
#12 38.46 gyp ERR! find Python - "python3" is not in PATH or produced an error
#12 38.46 gyp ERR! find Python 
#12 38.46 gyp ERR! find Python **********************************************************
#12 38.47 gyp ERR! find Python You need to install the latest version of Python.
#12 38.47 gyp ERR! find Python Node-gyp should be able to find and use Python. If not,
#12 38.47 gyp ERR! find Python you can try one of the following options:
#12 38.47 gyp ERR! find Python - Use the switch --python="/path/to/pythonexecutable"
#12 38.47 gyp ERR! find Python   (accepted by both node-gyp and npm)
#12 38.47 gyp ERR! find Python - Set the environment variable PYTHON
#12 38.47 gyp ERR! find Python - Set the npm configuration variable python:
#12 38.47 gyp ERR! find Python   npm config set python "/path/to/pythonexecutable"
#12 38.47 gyp ERR! find Python For more information consult the documentation at:
#12 38.47 gyp ERR! find Python https://github.com/nodejs/node-gyp#installation
#12 38.47 gyp ERR! find Python **********************************************************
#12 38.47 gyp ERR! find Python 
#12 38.47 gyp ERR! configure error 
#12 38.47 gyp ERR! stack Error: Could not find any Python installation to use
#12 38.47 gyp ERR! stack     at PythonFinder.fail (/usr/local/lib/node_modules/npm/node_modules/node-gyp/lib/find-python.js:307:47)
#12 38.47 gyp ERR! stack     at PythonFinder.runChecks (/usr/local/lib/node_modules/npm/node_modules/node-gyp/lib/find-python.js:136:21)
#12 38.47 gyp ERR! stack     at PythonFinder.<anonymous> (/usr/local/lib/node_modules/npm/node_modules/node-gyp/lib/find-python.js:179:16)
#12 38.47 gyp ERR! stack     at PythonFinder.execFileCallback (/usr/local/lib/node_modules/npm/node_modules/node-gyp/lib/find-python.js:271:16)
#12 38.47 gyp ERR! stack     at exithandler (child_process.js:390:5)
#12 38.47 gyp ERR! stack     at ChildProcess.errorhandler (child_process.js:402:5)
#12 38.47 gyp ERR! stack     at ChildProcess.emit (events.js:400:28)
#12 38.47 gyp ERR! stack     at Process.ChildProcess._handle.onexit (internal/child_process.js:280:12)
#12 38.47 gyp ERR! stack     at onErrorNT (internal/child_process.js:469:16)
#12 38.47 gyp ERR! stack     at processTicksAndRejections (internal/process/task_queues.js:82:21)
#12 38.47 gyp ERR! System Linux 5.10.25-linuxkit
#12 38.47 gyp ERR! command "/usr/local/bin/node" "/usr/local/lib/node_modules/npm/node_modules/node-gyp/bin/node-gyp.js" "rebuild"
#12 38.47 gyp ERR! cwd /app/node_modules/utf-8-validate
#12 38.47 gyp ERR! node -v v14.18.1
#12 38.47 gyp ERR! node-gyp -v v5.1.0
#12 38.47 gyp ERR! not ok 
#12 38.48 
#12 38.48 > keccak@3.0.3 install /app/node_modules/keccak
#12 38.48 > node-gyp-build || exit 0
#12 38.48 
#12 38.66 gyp ERR! find Python 
#12 38.66 gyp ERR! find Python Python is not set from command line or npm configuration
#12 38.66 gyp ERR! find Python Python is not set from environment variable PYTHON
#12 38.66 gyp ERR! find Python checking if "python" can be used
#12 38.66 gyp ERR! find Python - "python" is not in PATH or produced an error
#12 38.66 gyp ERR! find Python checking if "python2" can be used
#12 38.66 gyp ERR! find Python - "python2" is not in PATH or produced an error
#12 38.66 gyp ERR! find Python checking if "python3" can be used
#12 38.66 gyp ERR! find Python - "python3" is not in PATH or produced an error
#12 38.66 gyp ERR! find Python 
#12 38.66 gyp ERR! find Python **********************************************************
#12 38.66 gyp ERR! find Python You need to install the latest version of Python.
#12 38.66 gyp ERR! find Python Node-gyp should be able to find and use Python. If not,
#12 38.66 gyp ERR! find Python you can try one of the following options:
#12 38.66 gyp ERR! find Python - Use the switch --python="/path/to/pythonexecutable"
#12 38.66 gyp ERR! find Python   (accepted by both node-gyp and npm)
#12 38.66 gyp ERR! find Python - Set the environment variable PYTHON
#12 38.66 gyp ERR! find Python - Set the npm configuration variable python:
#12 38.66 gyp ERR! find Python   npm config set python "/path/to/pythonexecutable"
#12 38.66 gyp ERR! find Python For more information consult the documentation at:
#12 38.66 gyp ERR! find Python https://github.com/nodejs/node-gyp#installation
#12 38.66 gyp ERR! find Python **********************************************************
#12 38.66 gyp ERR! find Python 
#12 38.66 gyp ERR! configure error 
#12 38.66 gyp ERR! stack Error: Could not find any Python installation to use
#12 38.66 gyp ERR! stack     at PythonFinder.fail (/usr/local/lib/node_modules/npm/node_modules/node-gyp/lib/find-python.js:307:47)
#12 38.66 gyp ERR! stack     at PythonFinder.runChecks (/usr/local/lib/node_modules/npm/node_modules/node-gyp/lib/find-python.js:136:21)
#12 38.66 gyp ERR! stack     at PythonFinder.<anonymous> (/usr/local/lib/node_modules/npm/node_modules/node-gyp/lib/find-python.js:179:16)
#12 38.66 gyp ERR! stack     at PythonFinder.execFileCallback (/usr/local/lib/node_modules/npm/node_modules/node-gyp/lib/find-python.js:271:16)
#12 38.66 gyp ERR! stack     at exithandler (child_process.js:390:5)
#12 38.66 gyp ERR! stack     at ChildProcess.errorhandler (child_process.js:402:5)
#12 38.66 gyp ERR! stack     at ChildProcess.emit (events.js:400:28)
#12 38.66 gyp ERR! stack     at Process.ChildProcess._handle.onexit (internal/child_process.js:280:12)
#12 38.66 gyp ERR! stack     at onErrorNT (internal/child_process.js:469:16)
#12 38.66 gyp ERR! stack     at processTicksAndRejections (internal/process/task_queues.js:82:21)
#12 38.66 gyp ERR! System Linux 5.10.25-linuxkit
#12 38.66 gyp ERR! command "/usr/local/bin/node" "/usr/local/lib/node_modules/npm/node_modules/node-gyp/bin/node-gyp.js" "rebuild"
#12 38.66 gyp ERR! cwd /app/node_modules/keccak
#12 38.66 gyp ERR! node -v v14.18.1
#12 38.66 gyp ERR! node-gyp -v v5.1.0
#12 38.66 gyp ERR! not ok 
#12 38.79 
#12 38.79 > protobufjs@7.2.4 postinstall /app/node_modules/protobufjs
#12 38.79 > node scripts/postinstall
#12 38.79 
#12 38.87 
#12 38.87 > es5-ext@0.10.62 postinstall /app/node_modules/es5-ext
#12 38.87 >  node -e "try{require('./_postinstall')}catch(e){}" || exit 0
#12 38.87 
#12 38.98 
#12 38.98 > web3-bzz@1.10.0 postinstall /app/node_modules/web3-bzz
#12 38.98 > echo "WARNING: the web3-bzz api will be deprecated in the next version"
#12 38.98 
#12 38.99 WARNING: the web3-bzz api will be deprecated in the next version
#12 38.99 
#12 38.99 > web3-shh@1.10.0 postinstall /app/node_modules/web3-shh
#12 38.99 > echo "WARNING: the web3-shh api will be deprecated in the next version"
#12 38.99 
#12 39.01 WARNING: the web3-shh api will be deprecated in the next version
#12 39.01 
#12 39.01 > web3@1.10.0 postinstall /app/node_modules/web3
#12 39.01 > echo "Web3.js 4.x alpha has been released for early testing and feedback. Checkout doc at https://docs.web3js.org/ "
#12 39.01 
#12 39.02 Web3.js 4.x alpha has been released for early testing and feedback. Checkout doc at https://docs.web3js.org/ 
#12 39.40 npm notice created a lockfile as package-lock.json. You should commit this file.
#12 39.41 npm WARN notsup Unsupported engine for @multiformats/multiaddr@12.1.3: wanted: {"node":">=16.0.0","npm":">=7.0.0"} (current: {"node":null,"npm":"6.14.15"})
#12 39.41 npm WARN notsup Not compatible with your version of node/npm: @multiformats/multiaddr@12.1.3
#12 39.41 npm WARN notsup Unsupported engine for kubo-rpc-client@3.0.1: wanted: {"node":">=16.0.0","npm":">=7.0.0"} (current: {"node":null,"npm":"6.14.15"})
#12 39.41 npm WARN notsup Not compatible with your version of node/npm: kubo-rpc-client@3.0.1
#12 39.41 npm WARN notsup Unsupported engine for dns-over-http-resolver@2.1.1: wanted: {"node":">=16.0.0","npm":">=7.0.0"} (current: {"node":null,"npm":"6.14.15"})
#12 39.41 npm WARN notsup Not compatible with your version of node/npm: dns-over-http-resolver@2.1.1
#12 39.41 npm WARN notsup Unsupported engine for @libp2p/interfaces@3.3.2: wanted: {"node":">=16.0.0","npm":">=7.0.0"} (current: {"node":null,"npm":"6.14.15"})
#12 39.41 npm WARN notsup Not compatible with your version of node/npm: @libp2p/interfaces@3.3.2
#12 39.42 npm WARN notsup Unsupported engine for multiformats@11.0.2: wanted: {"node":">=16.0.0","npm":">=7.0.0"} (current: {"node":null,"npm":"6.14.15"})
#12 39.42 npm WARN notsup Not compatible with your version of node/npm: multiformats@11.0.2
#12 39.42 npm WARN notsup Unsupported engine for @multiformats/multiaddr@10.5.0: wanted: {"node":">=16.0.0","npm":">=7.0.0"} (current: {"node":null,"npm":"6.14.15"})
#12 39.42 npm WARN notsup Not compatible with your version of node/npm: @multiformats/multiaddr@10.5.0
#12 39.42 npm WARN notsup Unsupported engine for @ipld/dag-json@10.1.2: wanted: {"node":">=16.0.0","npm":">=7.0.0"} (current: {"node":null,"npm":"6.14.15"})
#12 39.42 npm WARN notsup Not compatible with your version of node/npm: @ipld/dag-json@10.1.2
#12 39.43 npm WARN notsup Unsupported engine for @ipld/dag-pb@4.0.4: wanted: {"node":">=16.0.0","npm":">=7.0.0"} (current: {"node":null,"npm":"6.14.15"})
#12 39.43 npm WARN notsup Not compatible with your version of node/npm: @ipld/dag-pb@4.0.4
#12 39.43 npm WARN notsup Unsupported engine for @libp2p/crypto@1.0.17: wanted: {"node":">=16.0.0","npm":">=7.0.0"} (current: {"node":null,"npm":"6.14.15"})
#12 39.43 npm WARN notsup Not compatible with your version of node/npm: @libp2p/crypto@1.0.17
#12 39.43 npm WARN notsup Unsupported engine for @libp2p/logger@2.1.1: wanted: {"node":">=16.0.0","npm":">=7.0.0"} (current: {"node":null,"npm":"6.14.15"})
#12 39.43 npm WARN notsup Not compatible with your version of node/npm: @libp2p/logger@2.1.1
#12 39.43 npm WARN notsup Unsupported engine for @ipld/dag-cbor@9.0.3: wanted: {"node":">=16.0.0","npm":">=7.0.0"} (current: {"node":null,"npm":"6.14.15"})
#12 39.43 npm WARN notsup Not compatible with your version of node/npm: @ipld/dag-cbor@9.0.3
#12 39.44 npm WARN notsup Unsupported engine for @multiformats/multiaddr@11.6.1: wanted: {"node":">=16.0.0","npm":">=7.0.0"} (current: {"node":null,"npm":"6.14.15"})
#12 39.44 npm WARN notsup Not compatible with your version of node/npm: @multiformats/multiaddr@11.6.1
#12 39.44 npm WARN notsup Unsupported engine for @libp2p/peer-id@2.0.4: wanted: {"node":">=16.0.0","npm":">=7.0.0"} (current: {"node":null,"npm":"6.14.15"})
#12 39.44 npm WARN notsup Not compatible with your version of node/npm: @libp2p/peer-id@2.0.4
#12 39.44 npm WARN notsup Unsupported engine for ipfs-core-utils@0.18.1: wanted: {"node":">=16.0.0","npm":">=7.0.0"} (current: {"node":null,"npm":"6.14.15"})
#12 39.44 npm WARN notsup Not compatible with your version of node/npm: ipfs-core-utils@0.18.1
#12 39.44 npm WARN notsup Unsupported engine for ipfs-utils@9.0.14: wanted: {"node":">=16.0.0","npm":">=7.0.0"} (current: {"node":null,"npm":"6.14.15"})
#12 39.44 npm WARN notsup Not compatible with your version of node/npm: ipfs-utils@9.0.14
#12 39.45 npm WARN notsup Unsupported engine for it-first@2.0.1: wanted: {"node":">=16.0.0","npm":">=7.0.0"} (current: {"node":null,"npm":"6.14.15"})
#12 39.45 npm WARN notsup Not compatible with your version of node/npm: it-first@2.0.1
#12 39.45 npm WARN notsup Unsupported engine for it-last@2.0.1: wanted: {"node":">=16.0.0","npm":">=7.0.0"} (current: {"node":null,"npm":"6.14.15"})
#12 39.45 npm WARN notsup Not compatible with your version of node/npm: it-last@2.0.1
#12 39.45 npm WARN notsup Unsupported engine for multiformats@12.0.1: wanted: {"node":">=16.0.0","npm":">=7.0.0"} (current: {"node":null,"npm":"6.14.15"})
#12 39.45 npm WARN notsup Not compatible with your version of node/npm: multiformats@12.0.1
#12 39.46 npm WARN notsup Unsupported engine for multiformats@12.0.1: wanted: {"node":">=16.0.0","npm":">=7.0.0"} (current: {"node":null,"npm":"6.14.15"})
#12 39.46 npm WARN notsup Not compatible with your version of node/npm: multiformats@12.0.1
#12 39.46 npm WARN notsup Unsupported engine for multiformats@12.0.1: wanted: {"node":">=16.0.0","npm":">=7.0.0"} (current: {"node":null,"npm":"6.14.15"})
#12 39.46 npm WARN notsup Not compatible with your version of node/npm: multiformats@12.0.1
#12 39.46 npm WARN notsup Unsupported engine for @libp2p/interface-keys@1.0.8: wanted: {"node":">=16.0.0","npm":">=7.0.0"} (current: {"node":null,"npm":"6.14.15"})
#12 39.46 npm WARN notsup Not compatible with your version of node/npm: @libp2p/interface-keys@1.0.8
#12 39.46 npm WARN notsup Unsupported engine for uint8arraylist@2.4.3: wanted: {"node":">=16.0.0","npm":">=7.0.0"} (current: {"node":null,"npm":"6.14.15"})
#12 39.46 npm WARN notsup Not compatible with your version of node/npm: uint8arraylist@2.4.3
#12 39.47 npm WARN notsup Unsupported engine for @libp2p/interface-peer-id@2.0.2: wanted: {"node":">=16.0.0","npm":">=7.0.0"} (current: {"node":null,"npm":"6.14.15"})
#12 39.47 npm WARN notsup Not compatible with your version of node/npm: @libp2p/interface-peer-id@2.0.2
#12 39.47 npm WARN notsup Unsupported engine for interface-datastore@8.2.3: wanted: {"node":">=16.0.0","npm":">=7.0.0"} (current: {"node":null,"npm":"6.14.15"})
#12 39.47 npm WARN notsup Not compatible with your version of node/npm: interface-datastore@8.2.3
#12 39.47 npm WARN notsup Unsupported engine for interface-store@5.1.2: wanted: {"node":">=16.0.0","npm":">=7.0.0"} (current: {"node":null,"npm":"6.14.15"})
#12 39.47 npm WARN notsup Not compatible with your version of node/npm: interface-store@5.1.2
#12 39.47 npm WARN notsup Unsupported engine for @multiformats/multiaddr@11.6.1: wanted: {"node":">=16.0.0","npm":">=7.0.0"} (current: {"node":null,"npm":"6.14.15"})
#12 39.47 npm WARN notsup Not compatible with your version of node/npm: @multiformats/multiaddr@11.6.1
#12 39.48 npm WARN notsup Unsupported engine for blob-to-it@2.0.3: wanted: {"node":">=16.0.0","npm":">=7.0.0"} (current: {"node":null,"npm":"6.14.15"})
#12 39.48 npm WARN notsup Not compatible with your version of node/npm: blob-to-it@2.0.3
#12 39.48 npm WARN notsup Unsupported engine for browser-readablestream-to-it@2.0.3: wanted: {"node":">=16.0.0","npm":">=7.0.0"} (current: {"node":null,"npm":"6.14.15"})
#12 39.48 npm WARN notsup Not compatible with your version of node/npm: browser-readablestream-to-it@2.0.3
#12 39.48 npm WARN notsup Unsupported engine for @multiformats/multiaddr-to-uri@9.0.7: wanted: {"node":">=16.0.0","npm":">=7.0.0"} (current: {"node":null,"npm":"6.14.15"})
#12 39.48 npm WARN notsup Not compatible with your version of node/npm: @multiformats/multiaddr-to-uri@9.0.7
#12 39.49 npm WARN notsup Unsupported engine for ipfs-unixfs@9.0.1: wanted: {"node":">=16.0.0","npm":">=7.0.0"} (current: {"node":null,"npm":"6.14.15"})
#12 39.49 npm WARN notsup Not compatible with your version of node/npm: ipfs-unixfs@9.0.1
#12 39.49 npm WARN notsup Unsupported engine for ipfs-core-types@0.14.1: wanted: {"node":">=16.0.0","npm":">=7.0.0"} (current: {"node":null,"npm":"6.14.15"})
#12 39.49 npm WARN notsup Not compatible with your version of node/npm: ipfs-core-types@0.14.1
#12 39.49 npm WARN notsup Unsupported engine for it-peekable@2.0.1: wanted: {"node":">=16.0.0","npm":">=7.0.0"} (current: {"node":null,"npm":"6.14.15"})
#12 39.49 npm WARN notsup Not compatible with your version of node/npm: it-peekable@2.0.1
#12 39.49 npm WARN notsup Unsupported engine for it-map@2.0.1: wanted: {"node":">=16.0.0","npm":">=7.0.0"} (current: {"node":null,"npm":"6.14.15"})
#12 39.49 npm WARN notsup Not compatible with your version of node/npm: it-map@2.0.1
#12 39.50 npm WARN notsup Unsupported engine for it-all@2.0.1: wanted: {"node":">=16.0.0","npm":">=7.0.0"} (current: {"node":null,"npm":"6.14.15"})
#12 39.50 npm WARN notsup Not compatible with your version of node/npm: it-all@2.0.1
#12 39.50 npm WARN notsup Unsupported engine for @multiformats/multiaddr@11.6.1: wanted: {"node":">=16.0.0","npm":">=7.0.0"} (current: {"node":null,"npm":"6.14.15"})
#12 39.50 npm WARN notsup Not compatible with your version of node/npm: @multiformats/multiaddr@11.6.1
#12 39.50 npm WARN notsup Unsupported engine for @libp2p/interface-peer-info@1.0.10: wanted: {"node":">=16.0.0","npm":">=7.0.0"} (current: {"node":null,"npm":"6.14.15"})
#12 39.50 npm WARN notsup Not compatible with your version of node/npm: @libp2p/interface-peer-info@1.0.10
#12 39.50 npm WARN notsup Unsupported engine for @libp2p/interface-pubsub@3.0.7: wanted: {"node":">=16.0.0","npm":">=7.0.0"} (current: {"node":null,"npm":"6.14.15"})
#12 39.50 npm WARN notsup Not compatible with your version of node/npm: @libp2p/interface-pubsub@3.0.7
#12 39.51 npm WARN notsup Unsupported engine for @libp2p/interface-keychain@2.0.5: wanted: {"node":">=16.0.0","npm":">=7.0.0"} (current: {"node":null,"npm":"6.14.15"})
#12 39.51 npm WARN notsup Not compatible with your version of node/npm: @libp2p/interface-keychain@2.0.5
#12 39.51 npm WARN notsup Unsupported engine for interface-datastore@7.0.4: wanted: {"node":">=16.0.0","npm":">=7.0.0"} (current: {"node":null,"npm":"6.14.15"})
#12 39.51 npm WARN notsup Not compatible with your version of node/npm: interface-datastore@7.0.4
#12 39.51 npm WARN notsup Unsupported engine for @libp2p/interface-connection@4.0.0: wanted: {"node":">=16.0.0","npm":">=7.0.0"} (current: {"node":null,"npm":"6.14.15"})
#12 39.51 npm WARN notsup Not compatible with your version of node/npm: @libp2p/interface-connection@4.0.0
#12 39.51 npm WARN notsup Unsupported engine for it-pushable@3.2.1: wanted: {"node":">=16.0.0","npm":">=7.0.0"} (current: {"node":null,"npm":"6.14.15"})
#12 39.51 npm WARN notsup Not compatible with your version of node/npm: it-pushable@3.2.1
#12 39.52 npm WARN notsup Unsupported engine for it-stream-types@1.0.5: wanted: {"node":">=16.0.0","npm":">=7.0.0"} (current: {"node":null,"npm":"6.14.15"})
#12 39.52 npm WARN notsup Not compatible with your version of node/npm: it-stream-types@1.0.5
#12 39.52 npm WARN notsup Unsupported engine for interface-store@3.0.4: wanted: {"node":">=16.0.0","npm":">=7.0.0"} (current: {"node":null,"npm":"6.14.15"})
#12 39.52 npm WARN notsup Not compatible with your version of node/npm: interface-store@3.0.4
#12 39.53 npm WARN @nomiclabs/hardhat-truffle5@2.0.7 requires a peer of @nomiclabs/hardhat-web3@^2.0.0 but none is installed. You must install peer dependencies yourself.
#12 39.53 npm WARN @nomiclabs/hardhat-truffle5@2.0.7 requires a peer of hardhat@^2.6.4 but none is installed. You must install peer dependencies yourself.
#12 39.54 npm WARN minipool-dapp@0.0.1 No description
#12 39.54 
#12 39.54 added 794 packages from 565 contributors and audited 798 packages in 38.961s
#12 39.78 
#12 39.78 132 packages are looking for funding
#12 39.78   run `npm fund` for details
#12 39.78 
#12 39.78 found 18 vulnerabilities (14 moderate, 3 high, 1 critical)
#12 39.78   run `npm audit fix` to fix them, or `npm audit` for details
#12 39.85 total 312
#12 39.85 drwxr-xr-x    1 root     root          4096 Jul  9 18:06 .
#12 39.85 drwxr-xr-x    1 root     root          4096 Jul  9 18:05 ..
#12 39.85 -rw-r--r--    1 root     root          2684 Jul  9 17:44 app.js
#12 39.85 -rw-r--r--    1 root     root           144 Jul  7 20:34 chain.json
#12 39.85 drwxr-xr-x  569 root     root         20480 Jul  9 18:06 node_modules
#12 39.85 -rw-r--r--    1 root     root        271498 Jul  9 18:06 package-lock.json
#12 39.85 -rw-r--r--    1 root     root           897 Jul  8 21:36 package.json
#12 39.85 -rwxr-xr-x    1 root     root           353 Jul  9 17:21 test.sh
#12 DONE 39.9s

#13 [ 9/10] COPY ./libs-node14-compatibility/ /app/node_modules/
#13 sha256:2ad2a6068bd66d2c036c97df14b18f9cf69a26be6283100ca0e2e2b07ff03a81
#13 DONE 0.0s

#14 [10/10] RUN cd /app && ./test.sh
#14 sha256:5e7dce7d3517e7496da770e11081ba1c0b18f382e2242ab0d201f8a50c906e51
#14 1.036 poolConfig {
#14 1.036   poolName: 'iExec Newsletter',
#14 1.036   authorizedContributors: '0xaEe862A38beE4Cee76367880696a0c2E2830f259,0x92077bB7DC20854E54D5a7B2029fBA1CBC030464',
#14 1.036   autorizedApps: '0x207a2dba98da5d133b39b7c5a57fae035c4aaeba',
#14 1.036   authorizedUsers: '0xaEe862A38beE4Cee76367880696a0c2E2830f259,0x92077bB7DC20854E54D5a7B2029fBA1CBC030464'
#14 1.036 }
#14 11.81 protectedData {
#14 11.81   name: 'Pool iExec Newsletter',
#14 11.81   address: '0xe2b15356f22A5C5a97bFB01223c3efBd18433F4a',
#14 11.81   owner: '0x8168E8D7e039cd68F4991266c6E223F9b12f94c4',
#14 11.81   schema: {
#14 11.81     poolName: 'string',
#14 11.81     authorizedContributors: 'string',
#14 11.81     autorizedApps: 'string',
#14 11.81     authorizedUsers: 'string',
#14 11.81     poolPrivateKey: 'string'
#14 11.81   },
#14 11.81   creationTimestamp: 1688925985,
#14 11.81   transactionHash: '0x79b3058c2f8dd4037a3167d2c0f5cf19a0c752eac8eef37e27661a31535ee660',
#14 11.81   zipFile: Uint8Array(840) [
#14 11.81      80,  75,   3,   4,  10,   0,   0,   0,   0,   0, 201, 144,
#14 11.81     233,  86, 133,  22,  21,  48,  16,   0,   0,   0,  16,   0,
#14 11.81       0,   0,   8,   0,   0,   0, 112, 111, 111, 108,  78,  97,
#14 11.81     109, 101, 105,  69, 120, 101,  99,  32,  78, 101, 119, 115,
#14 11.81     108, 101, 116, 116, 101, 114,  80,  75,   3,   4,  10,   0,
#14 11.81       0,   0,   0,   0, 201, 144, 233,  86, 173, 124, 252, 136,
#14 11.81      85,   0,   0,   0,  85,   0,   0,   0,  22,   0,   0,   0,
#14 11.81      97, 117, 116, 104, 111, 114, 105, 122, 101, 100,  67, 111,
#14 11.81     110, 116, 114, 105,
#14 11.81     ... 740 more items
#14 11.81   ],
#14 11.81   encryptionKey: 'QB0s0vw9txKT1BbKHbeDks5fZxStHH47myl1qFOseZE='
#14 11.81 }
#14 DONE 13.6s

#15 exporting to image
#15 sha256:e8c613e07b0b7ff33893b694f7759a10d42e180f2b4dc349fb57dc6b71dcab00
#15 exporting layers
#15 exporting layers 5.3s done
#15 writing image sha256:2968695e63f16d335edf56688276866b6823412a0fb7c1f5a47c74909d373ca0 done
#15 naming to docker.io/library/foo done
#15 DONE 5.3s

Use 'docker scan' to run Snyk tests against images to find vulnerabilities and learn how to fix them
